Arguments: 
  C:\Program Files\nodejs\node.exe C:\Users\ASUS-PC\AppData\Roaming\npm\node_modules\yarn\bin\yarn.js add gulp gulp-gh--pages gulp-load-plugins --save-dev

PATH: 
  C:\Users\ASUS-PC\bin;C:\Program Files\Git\mingw64\bin;C:\Program Files\Git\usr\local\bin;C:\Program Files\Git\usr\bin;C:\Program Files\Git\usr\bin;C:\Program Files\Git\mingw64\bin;C:\Program Files\Git\usr\bin;C:\Users\ASUS-PC\bin;C:\Program Files\Postgresql\12\bin;C:\Program Files\Postgresql\12\lib;C:\Users\ASUS-PC\AppData\Local\Programs\Python\Python36;C:\Users\ASUS-PC\AppData\Local\Programs\Python\Python36\Scripts;C:\Program Files\Dart\dart-sdk\bin;C:\Windows\System32;C:\Program Files\Git\;C:\WINDOWS\system32;C:\WINDOWS;C:\WINDOWS\System32\Wbem;C:\WINDOWS\System32\WindowsPowerShell\v1.0;C:\WINDOWS\System32\OpenSSH;C:\Program Files\nodejs;C:\ProgramData\chocolatey\bin;C:\Users\ASUS-PC\AppData\Local\Programs\Python\Python38\Scripts;C:\Users\ASUS-PC\AppData\Local\Programs\Python\Python38;C:\Users\ASUS-PC\AppData\Local\Programs\Python\Python36\Scripts;C:\Users\ASUS-PC\AppData\Local\Programs\Python\Python36;C:\Microsoft VS Code\bin;C:\WINDOW;.;C:\WINDOWS\system3;C:\Program Files\Postgresql\12\lib;C:\Program Files\Postgresql\12\bin;C:\WINDOWS;C:\WINDOWS\System32\Wbem;C:\src\flutter\bin;C:\Users\ASUS-PC\AppData\Local\Microsoft\WindowsApps;C:\Users\ASUS-PC\AppData\Roaming\npm;C:\Program Files\Git\usr\bin\vendor_perl;C:\Program Files\Git\usr\bin\core_perl

Yarn version: 
  1.22.10

Node version: 
  12.19.0

Platform: 
  win32 x64

Trace: 
  Error: https://registry.yarnpkg.com/gulp-gh--pages: Not found
      at Request.params.callback [as _callback] (C:\Users\ASUS-PC\AppData\Roaming\npm\node_modules\yarn\lib\cli.js:66988:18)
      at Request.self.callback (C:\Users\ASUS-PC\AppData\Roaming\npm\node_modules\yarn\lib\cli.js:140662:22)
      at Request.emit (events.js:314:20)
      at Request.<anonymous> (C:\Users\ASUS-PC\AppData\Roaming\npm\node_modules\yarn\lib\cli.js:141634:10)
      at Request.emit (events.js:314:20)
      at IncomingMessage.<anonymous> (C:\Users\ASUS-PC\AppData\Roaming\npm\node_modules\yarn\lib\cli.js:141556:12)
      at Object.onceWrapper (events.js:420:28)
      at IncomingMessage.emit (events.js:326:22)
      at endReadableNT (_stream_readable.js:1223:12)
      at processTicksAndRejections (internal/process/task_queues.js:84:21)

npm manifest: 
  {
    "name": "package.json",
    "version": "1.0.0",
    "description": "dependencies",
    "main": "index.js",
    "scripts": {
      "test": "echo \"Error: no test specified\" && exit 1"
    },
    "repository": {
      "type": "git",
      "url": "git+https://github.com/YeasirArafatRatul/hunt_python-Bangla-E-book.git"
    },
    "keywords": [
      "python"
    ],
    "author": "yeasir arafat ratul",
    "license": "ISC",
    "bugs": {
      "url": "https://github.com/YeasirArafatRatul/hunt_python-Bangla-E-book/issues"
    },
    "homepage": "https://github.com/YeasirArafatRatul/hunt_python-Bangla-E-book#readme"
  }

yarn manifest: 
  No manifest

Lockfile: 
  No lockfile
